# JRE version: OpenJDK Runtime Environment (8.0_242-b01) (build 1.8.0_242-release-1644-b01)
# Java VM: OpenJDK 64-Bit Server VM (25.242-b01 mixed mode windows-amd64 compressed oops)
Heap:
 PSYoungGen      total 453120K, used 151718K [0x00000000d5580000, 0x00000000f5180000, 0x0000000100000000)
  eden space 415232K, 33% used [0x00000000d5580000,0x00000000dded6cd0,0x00000000eeb00000)
  from space 37888K, 29% used [0x00000000eeb00000,0x00000000ef5d2e08,0x00000000f1000000)
  to   space 36352K, 0% used [0x00000000f2e00000,0x00000000f2e00000,0x00000000f5180000)
 ParOldGen       total 256512K, used 66074K [0x0000000080000000, 0x000000008fa80000, 0x00000000d5580000)
  object space 256512K, 25% used [0x0000000080000000,0x0000000084086bf8,0x000000008fa80000)
 Metaspace       used 96534K, capacity 101902K, committed 102040K, reserved 1138688K
  class space    used 12438K, capacity 13455K, committed 13464K, reserved 1048576K
GC Heap History (10 events):
Event: 64.616 GC heap before
{Heap before GC invocations=19 (full 4):
 PSYoungGen      total 354304K, used 18275K [0x00000000d5580000, 0x00000000f1800000, 0x0000000100000000)
  eden space 312832K, 0% used [0x00000000d5580000,0x00000000d5580000,0x00000000e8700000)
  from space 41472K, 44% used [0x00000000e8700000,0x00000000e98d8dd8,0x00000000eaf80000)
  to   space 39424K, 0% used [0x00000000ef180000,0x00000000ef180000,0x00000000f1800000)
 ParOldGen       total 175104K, used 76415K [0x0000000080000000, 0x000000008ab00000, 0x00000000d5580000)
  object space 175104K, 43% used [0x0000000080000000,0x0000000084a9ffb8,0x000000008ab00000)
 Metaspace       used 93844K, capacity 98536K, committed 98600K, reserved 1134592K
  class space    used 12257K, capacity 13156K, committed 13208K, reserved 1048576K
Event: 64.967 GC heap after
Heap after GC invocations=19 (full 4):
 PSYoungGen      total 354304K, used 0K [0x00000000d5580000, 0x00000000f1800000, 0x0000000100000000)
  eden space 312832K, 0% used [0x00000000d5580000,0x00000000d5580000,0x00000000e8700000)
  from space 41472K, 0% used [0x00000000e8700000,0x00000000e8700000,0x00000000eaf80000)
  to   space 39424K, 0% used [0x00000000ef180000,0x00000000ef180000,0x00000000f1800000)
 ParOldGen       total 256512K, used 66050K [0x0000000080000000, 0x000000008fa80000, 0x00000000d5580000)
  object space 256512K, 25% used [0x0000000080000000,0x0000000084080bf8,0x000000008fa80000)
 Metaspace       used 93516K, capacity 97630K, committed 98600K, reserved 1134592K
  class space    used 12146K, capacity 12961K, committed 13208K, reserved 1048576K
}
Event: 399.981 GC heap before
{Heap before GC invocations=20 (full 4):
 PSYoungGen      total 354304K, used 312832K [0x00000000d5580000, 0x00000000f1800000, 0x0000000100000000)
  eden space 312832K, 100% used [0x00000000d5580000,0x00000000e8700000,0x00000000e8700000)
  from space 41472K, 0% used [0x00000000e8700000,0x00000000e8700000,0x00000000eaf80000)
  to   space 39424K, 0% used [0x00000000ef180000,0x00000000ef180000,0x00000000f1800000)
 ParOldGen       total 256512K, used 66050K [0x0000000080000000, 0x000000008fa80000, 0x00000000d5580000)
  object space 256512K, 25% used [0x0000000080000000,0x0000000084080bf8,0x000000008fa80000)
 Metaspace       used 94854K, capacity 99376K, committed 99608K, reserved 1136640K
  class space    used 12312K, capacity 13232K, committed 13336K, reserved 1048576K
Event: 400.001 GC heap after
Heap after GC invocations=20 (full 4):
 PSYoungGen      total 413696K, used 8918K [0x00000000d5580000, 0x00000000f1380000, 0x0000000100000000)
  eden space 378880K, 0% used [0x00000000d5580000,0x00000000d5580000,0x00000000ec780000)
  from space 34816K, 25% used [0x00000000ef180000,0x00000000efa35918,0x00000000f1380000)
  to   space 38912K, 0% used [0x00000000ec780000,0x00000000ec780000,0x00000000eed80000)
 ParOldGen       total 256512K, used 66058K [0x0000000080000000, 0x000000008fa80000, 0x00000000d5580000)
  object space 256512K, 25% used [0x0000000080000000,0x0000000084082bf8,0x000000008fa80000)
 Metaspace       used 94854K, capacity 99376K, committed 99608K, reserved 1136640K
  class space    used 12312K, capacity 13232K, committed 13336K, reserved 1048576K
}
Event: 500.979 GC heap before
{Heap before GC invocations=21 (full 4):
 PSYoungGen      total 413696K, used 387798K [0x00000000d5580000, 0x00000000f1380000, 0x0000000100000000)
  eden space 378880K, 100% used [0x00000000d5580000,0x00000000ec780000,0x00000000ec780000)
  from space 34816K, 25% used [0x00000000ef180000,0x00000000efa35918,0x00000000f1380000)
  to   space 38912K, 0% used [0x00000000ec780000,0x00000000ec780000,0x00000000eed80000)
 ParOldGen       total 256512K, used 66058K [0x0000000080000000, 0x000000008fa80000, 0x00000000d5580000)
  object space 256512K, 25% used [0x0000000080000000,0x0000000084082bf8,0x000000008fa80000)
 Metaspace       used 95242K, capacity 100020K, committed 100120K, reserved 1136640K
  class space    used 12333K, capacity 13270K, committed 13336K, reserved 1048576K
Event: 501.028 GC heap after
Heap after GC invocations=21 (full 4):
 PSYoungGen      total 417792K, used 9436K [0x00000000d5580000, 0x00000000f3d00000, 0x0000000100000000)
  eden space 378880K, 0% used [0x00000000d5580000,0x00000000d5580000,0x00000000ec780000)
  from space 38912K, 24% used [0x00000000ec780000,0x00000000ed0b7240,0x00000000eed80000)
  to   space 37888K, 0% used [0x00000000f1800000,0x00000000f1800000,0x00000000f3d00000)
 ParOldGen       total 256512K, used 66066K [0x0000000080000000, 0x000000008fa80000, 0x00000000d5580000)
  object space 256512K, 25% used [0x0000000080000000,0x0000000084084bf8,0x000000008fa80000)
 Metaspace       used 95242K, capacity 100020K, committed 100120K, reserved 1136640K
  class space    used 12333K, capacity 13270K, committed 13336K, reserved 1048576K
}
Event: 748.641 GC heap before
{Heap before GC invocations=22 (full 4):
 PSYoungGen      total 417792K, used 388316K [0x00000000d5580000, 0x00000000f3d00000, 0x0000000100000000)
  eden space 378880K, 100% used [0x00000000d5580000,0x00000000ec780000,0x00000000ec780000)
  from space 38912K, 24% used [0x00000000ec780000,0x00000000ed0b7240,0x00000000eed80000)
  to   space 37888K, 0% used [0x00000000f1800000,0x00000000f1800000,0x00000000f3d00000)
 ParOldGen       total 256512K, used 66066K [0x0000000080000000, 0x000000008fa80000, 0x00000000d5580000)
  object space 256512K, 25% used [0x0000000080000000,0x0000000084084bf8,0x000000008fa80000)
 Metaspace       used 95661K, capacity 100570K, committed 100632K, reserved 1136640K
  class space    used 12365K, capacity 13329K, committed 13336K, reserved 1048576K
Event: 748.679 GC heap after
Heap after GC invocations=22 (full 4):
 PSYoungGen      total 444928K, used 3884K [0x00000000d5580000, 0x00000000f3500000, 0x0000000100000000)
  eden space 415232K, 0% used [0x00000000d5580000,0x00000000d5580000,0x00000000eeb00000)
  from space 29696K, 13% used [0x00000000f1800000,0x00000000f1bcb300,0x00000000f3500000)
  to   space 37888K, 0% used [0x00000000eeb00000,0x00000000eeb00000,0x00000000f1000000)
 ParOldGen       total 256512K, used 66066K [0x0000000080000000, 0x000000008fa80000, 0x00000000d5580000)
  object space 256512K, 25% used [0x0000000080000000,0x0000000084084bf8,0x000000008fa80000)
 Metaspace       used 95661K, capacity 100570K, committed 100632K, reserved 1136640K
  class space    used 12365K, capacity 13329K, committed 13336K, reserved 1048576K
}
Event: 833.034 GC heap before
{Heap before GC invocations=23 (full 4):
 PSYoungGen      total 444928K, used 419116K [0x00000000d5580000, 0x00000000f3500000, 0x0000000100000000)
  eden space 415232K, 100% used [0x00000000d5580000,0x00000000eeb00000,0x00000000eeb00000)
  from space 29696K, 13% used [0x00000000f1800000,0x00000000f1bcb300,0x00000000f3500000)
  to   space 37888K, 0% used [0x00000000eeb00000,0x00000000eeb00000,0x00000000f1000000)
 ParOldGen       total 256512K, used 66066K [0x0000000080000000, 0x000000008fa80000, 0x00000000d5580000)
  object space 256512K, 25% used [0x0000000080000000,0x0000000084084bf8,0x000000008fa80000)
 Metaspace       used 96396K, capacity 101652K, committed 101784K, reserved 1138688K
  class space    used 12421K, capacity 13424K, committed 13464K, reserved 1048576K
Event: 833.067 GC heap after
Heap after GC invocations=23 (full 4):
 PSYoungGen      total 453120K, used 11083K [0x00000000d5580000, 0x00000000f5180000, 0x0000000100000000)
  eden space 415232K, 0% used [0x00000000d5580000,0x00000000d5580000,0x00000000eeb00000)
  from space 37888K, 29% used [0x00000000eeb00000,0x00000000ef5d2e08,0x00000000f1000000)
  to   space 36352K, 0% used [0x00000000f2e00000,0x00000000f2e00000,0x00000000f5180000)
 ParOldGen       total 256512K, used 66074K [0x0000000080000000, 0x000000008fa80000, 0x00000000d5580000)
  object space 256512K, 25% used [0x0000000080000000,0x0000000084086bf8,0x000000008fa80000)
 Metaspace       used 96396K, capacity 101652K, committed 101784K, reserved 1138688K
  class space    used 12421K, capacity 13424K, committed 13464K, reserved 1048576K
}

