# JRE version: OpenJDK Runtime Environment (8.0_242-b01) (build 1.8.0_242-release-1644-b01)
# Java VM: OpenJDK 64-Bit Server VM (25.242-b01 mixed mode windows-amd64 compressed oops)
Heap:
 PSYoungGen      total 174080K, used 117418K [0x00000000d5580000, 0x00000000e1b80000, 0x0000000100000000)
  eden space 158720K, 65% used [0x00000000d5580000,0x00000000dbb63398,0x00000000df080000)
  from space 15360K, 85% used [0x00000000e0c80000,0x00000000e1947688,0x00000000e1b80000)
  to   space 22016K, 0% used [0x00000000df080000,0x00000000df080000,0x00000000e0600000)
 ParOldGen       total 163840K, used 36277K [0x0000000080000000, 0x000000008a000000, 0x00000000d5580000)
  object space 163840K, 22% used [0x0000000080000000,0x000000008236d558,0x000000008a000000)
 Metaspace       used 62338K, capacity 65114K, committed 65328K, reserved 1105920K
  class space    used 8537K, capacity 9159K, committed 9264K, reserved 1048576K
GC Heap History (10 events):
Event: 10.875 GC heap before
{Heap before GC invocations=11 (full 2):
 PSYoungGen      total 116224K, used 103936K [0x00000000d5580000, 0x00000000de400000, 0x0000000100000000)
  eden space 103936K, 100% used [0x00000000d5580000,0x00000000dbb00000,0x00000000dbb00000)
  from space 12288K, 0% used [0x00000000dc780000,0x00000000dc780000,0x00000000dd380000)
  to   space 12800K, 0% used [0x00000000dbb00000,0x00000000dbb00000,0x00000000dc780000)
 ParOldGen       total 110080K, used 16218K [0x0000000080000000, 0x0000000086b80000, 0x00000000d5580000)
  object space 110080K, 14% used [0x0000000080000000,0x0000000080fd6a58,0x0000000086b80000)
 Metaspace       used 43479K, capacity 45012K, committed 45232K, reserved 1087488K
  class space    used 5904K, capacity 6320K, committed 6320K, reserved 1048576K
Event: 10.910 GC heap after
Heap after GC invocations=11 (full 2):
 PSYoungGen      total 116736K, used 12299K [0x00000000d5580000, 0x00000000df200000, 0x0000000100000000)
  eden space 103936K, 0% used [0x00000000d5580000,0x00000000d5580000,0x00000000dbb00000)
  from space 12800K, 96% used [0x00000000dbb00000,0x00000000dc702ef8,0x00000000dc780000)
  to   space 14336K, 0% used [0x00000000de400000,0x00000000de400000,0x00000000df200000)
 ParOldGen       total 110080K, used 16226K [0x0000000080000000, 0x0000000086b80000, 0x00000000d5580000)
  object space 110080K, 14% used [0x0000000080000000,0x0000000080fd8a58,0x0000000086b80000)
 Metaspace       used 43479K, capacity 45012K, committed 45232K, reserved 1087488K
  class space    used 5904K, capacity 6320K, committed 6320K, reserved 1048576K
}
Event: 12.877 GC heap before
{Heap before GC invocations=12 (full 2):
 PSYoungGen      total 116736K, used 116235K [0x00000000d5580000, 0x00000000df200000, 0x0000000100000000)
  eden space 103936K, 100% used [0x00000000d5580000,0x00000000dbb00000,0x00000000dbb00000)
  from space 12800K, 96% used [0x00000000dbb00000,0x00000000dc702ef8,0x00000000dc780000)
  to   space 14336K, 0% used [0x00000000de400000,0x00000000de400000,0x00000000df200000)
 ParOldGen       total 110080K, used 16226K [0x0000000080000000, 0x0000000086b80000, 0x00000000d5580000)
  object space 110080K, 14% used [0x0000000080000000,0x0000000080fd8a58,0x0000000086b80000)
 Metaspace       used 50281K, capacity 52066K, committed 52272K, reserved 1093632K
  class space    used 6735K, capacity 7192K, committed 7216K, reserved 1048576K
Event: 12.908 GC heap after
Heap after GC invocations=12 (full 2):
 PSYoungGen      total 142848K, used 14320K [0x00000000d5580000, 0x00000000df780000, 0x0000000100000000)
  eden space 128512K, 0% used [0x00000000d5580000,0x00000000d5580000,0x00000000dd300000)
  from space 14336K, 99% used [0x00000000de400000,0x00000000df1fc298,0x00000000df200000)
  to   space 17408K, 0% used [0x00000000dd300000,0x00000000dd300000,0x00000000de400000)
 ParOldGen       total 110080K, used 19494K [0x0000000080000000, 0x0000000086b80000, 0x00000000d5580000)
  object space 110080K, 17% used [0x0000000080000000,0x00000000813098d0,0x0000000086b80000)
 Metaspace       used 50281K, capacity 52066K, committed 52272K, reserved 1093632K
  class space    used 6735K, capacity 7192K, committed 7216K, reserved 1048576K
}
Event: 15.945 GC heap before
{Heap before GC invocations=13 (full 2):
 PSYoungGen      total 142848K, used 112599K [0x00000000d5580000, 0x00000000df780000, 0x0000000100000000)
  eden space 128512K, 76% used [0x00000000d5580000,0x00000000db579d28,0x00000000dd300000)
  from space 14336K, 99% used [0x00000000de400000,0x00000000df1fc298,0x00000000df200000)
  to   space 17408K, 0% used [0x00000000dd300000,0x00000000dd300000,0x00000000de400000)
 ParOldGen       total 110080K, used 19494K [0x0000000080000000, 0x0000000086b80000, 0x00000000d5580000)
  object space 110080K, 17% used [0x0000000080000000,0x00000000813098d0,0x0000000086b80000)
 Metaspace       used 57005K, capacity 59096K, committed 59160K, reserved 1099776K
  class space    used 7837K, capacity 8362K, committed 8368K, reserved 1048576K
Event: 16.044 GC heap after
Heap after GC invocations=13 (full 2):
 PSYoungGen      total 145920K, used 17396K [0x00000000d5580000, 0x00000000e2200000, 0x0000000100000000)
  eden space 128512K, 0% used [0x00000000d5580000,0x00000000d5580000,0x00000000dd300000)
  from space 17408K, 99% used [0x00000000dd300000,0x00000000de3fd340,0x00000000de400000)
  to   space 22016K, 0% used [0x00000000e0c80000,0x00000000e0c80000,0x00000000e2200000)
 ParOldGen       total 110080K, used 26139K [0x0000000080000000, 0x0000000086b80000, 0x00000000d5580000)
  object space 110080K, 23% used [0x0000000080000000,0x0000000081986f78,0x0000000086b80000)
 Metaspace       used 57005K, capacity 59096K, committed 59160K, reserved 1099776K
  class space    used 7837K, capacity 8362K, committed 8368K, reserved 1048576K
}
Event: 16.044 GC heap before
{Heap before GC invocations=14 (full 3):
 PSYoungGen      total 145920K, used 17396K [0x00000000d5580000, 0x00000000e2200000, 0x0000000100000000)
  eden space 128512K, 0% used [0x00000000d5580000,0x00000000d5580000,0x00000000dd300000)
  from space 17408K, 99% used [0x00000000dd300000,0x00000000de3fd340,0x00000000de400000)
  to   space 22016K, 0% used [0x00000000e0c80000,0x00000000e0c80000,0x00000000e2200000)
 ParOldGen       total 110080K, used 26139K [0x0000000080000000, 0x0000000086b80000, 0x00000000d5580000)
  object space 110080K, 23% used [0x0000000080000000,0x0000000081986f78,0x0000000086b80000)
 Metaspace       used 57005K, capacity 59096K, committed 59160K, reserved 1099776K
  class space    used 7837K, capacity 8362K, committed 8368K, reserved 1048576K
Event: 16.346 GC heap after
Heap after GC invocations=14 (full 3):
 PSYoungGen      total 145920K, used 0K [0x00000000d5580000, 0x00000000e2200000, 0x0000000100000000)
  eden space 128512K, 0% used [0x00000000d5580000,0x00000000d5580000,0x00000000dd300000)
  from space 17408K, 0% used [0x00000000dd300000,0x00000000dd300000,0x00000000de400000)
  to   space 22016K, 0% used [0x00000000e0c80000,0x00000000e0c80000,0x00000000e2200000)
 ParOldGen       total 163840K, used 36269K [0x0000000080000000, 0x000000008a000000, 0x00000000d5580000)
  object space 163840K, 22% used [0x0000000080000000,0x000000008236b558,0x000000008a000000)
 Metaspace       used 56995K, capacity 59060K, committed 59160K, reserved 1099776K
  class space    used 7834K, capacity 8356K, committed 8368K, reserved 1048576K
}
Event: 19.613 GC heap before
{Heap before GC invocations=15 (full 3):
 PSYoungGen      total 145920K, used 128512K [0x00000000d5580000, 0x00000000e2200000, 0x0000000100000000)
  eden space 128512K, 100% used [0x00000000d5580000,0x00000000dd300000,0x00000000dd300000)
  from space 17408K, 0% used [0x00000000dd300000,0x00000000dd300000,0x00000000de400000)
  to   space 22016K, 0% used [0x00000000e0c80000,0x00000000e0c80000,0x00000000e2200000)
 ParOldGen       total 163840K, used 36269K [0x0000000080000000, 0x000000008a000000, 0x00000000d5580000)
  object space 163840K, 22% used [0x0000000080000000,0x000000008236b558,0x000000008a000000)
 Metaspace       used 60912K, capacity 63538K, committed 63792K, reserved 1103872K
  class space    used 8372K, capacity 8953K, committed 9008K, reserved 1048576K
Event: 19.638 GC heap after
Heap after GC invocations=15 (full 3):
 PSYoungGen      total 174080K, used 13085K [0x00000000d5580000, 0x00000000e1b80000, 0x0000000100000000)
  eden space 158720K, 0% used [0x00000000d5580000,0x00000000d5580000,0x00000000df080000)
  from space 15360K, 85% used [0x00000000e0c80000,0x00000000e1947688,0x00000000e1b80000)
  to   space 22016K, 0% used [0x00000000df080000,0x00000000df080000,0x00000000e0600000)
 ParOldGen       total 163840K, used 36277K [0x0000000080000000, 0x000000008a000000, 0x00000000d5580000)
  object space 163840K, 22% used [0x0000000080000000,0x000000008236d558,0x000000008a000000)
 Metaspace       used 60912K, capacity 63538K, committed 63792K, reserved 1103872K
  class space    used 8372K, capacity 8953K, committed 9008K, reserved 1048576K
}

